=============== finish
1,2,3,4,5,6,7,9,10,11,12,13,14,15,16,17,18,20,21,23,25,26,27,28,29,30,31,32,33,34,
35,36,37,38,40,41,44,45,46,47,48,49,50,51,52,55,57,58,59,60,61,62,63,64,65,66,67,68,72,74,
75,77,78,79,81,82,83,84,86,88,89,90,91,93,94,95,96,97,98,99,100,107,108,109,110,111,112,113,114,115,
116,117,118,120,121,122,123,124,125,132,135,137,140,141,143,144,149,150,151,152,153,155,156,157,158,159,160,161,163,165,
166,167,169,170,171,172,174,176,177,178,179,180,181,182,183,184,185,186,187,188,189,190,191,192,193,194,195,197,198,199,
200,201,202,203,204,205,206,207,208,211,212,214,215,216,217,218,219,220,221,223,225,227,228,229,230,231,232,233,235,237,
238,240,241,242,243,244,245,246,247,248,250,252,253,254,255,256,257,258,261,264,265,266,267,269,271,272,273,275,277,278,
279,280,281,283,284,285,287,288,289,290,291,292,293,294,296,297,298,299,300,301,302,303,304,305,306,308,309,310,311,313,
314,315,316,318,320,321,324,326,328,329,331,332,333,335,336,337,338,339,340,341,342,343,344,345,346,347,348,349,351,352,
354,355,356,359,360,362,363,364,365,366,367,368,370,371,372,373,375,379,380,382,383,385,386,387,391,393,395,399,400,401,
404,406,407,408,409,410,411,412,413,415,416,417,418,420,422,423,424,425,426,427,428,429,430,432,433,434,437,438,439,440,
442,443,444,445,446,447,448,449,450,451,452,453,454,456,457,458,459,461,462,463,464,465,466,467,468,469,470,471,472,473,
474,475,476,478,479,480,491,494,495,496,497,498,499,500,501,504,505,507,508,509,510,511,513,515,516,518,519,521,522,523,
524,525,527,528,531,536,537,538,539,540,545,546,547,549,550,551,554,555,558,559,561,562,565,569,570,571,574,575,579,583,
590,592,594,595,596,597,598,599,600,601,602,603,604,605,606,607,609,610,611,613,615,616,617,619,620,623,625,636,660,661,
663,664,666,679,682,700,703,705,706,707,709,710,713,714,715,716,717,720,721,722,723,724,725,726,728,729,731,733,734,735,
736,737,738,739,740,743,744,746,748,749,750,751,752,753,755,756,757,760,761,762,763,764,765,773,775,776,777,778,779,780,
781,782,783,784,785,786,787,788,789,792,793,794,796,799,800,804,805,806,807,808,809,810,812,813,814,817,818,819,820,821,
822,824,825,826,827,828,829,830,832,833,834,836,839,840,841,842,844,846,848,849,850,851,852,853,855,856,857,858,859,860,
863,864,865,866,867,868,869,870,871,872,874,875,876,877,878,879,880,881,882,883,884,885,886,887,889,890,891,892,894,895,
898,899,901,902,904,905,906,907,908,909,911,912,914,915,916,917,918,919,920,921,923,924,925,927,929,930,931,932,933,934,
936,939,940,942,943,945,948,951,952,953,955,956,957,959,960,961,964,965,970,971,972,974,976,979,980,985,986,987,991,992,
994,998,
=============== finish


=============== error
0,8,19,22,24,39,42,43,53,54,56,69,70,71,73,76,80,85,87,92,101,102,103,104,105,106,119,126,127,128,
129,130,131,133,134,136,138,139,142,145,146,147,148,154,162,164,168,173,175,196,209,210,213,222,224,226,234,236,239,249,
251,259,260,262,263,268,270,274,276,282,286,295,307,312,317,319,322,323,325,327,330,334,350,353,357,358,361,369,374,376,
377,378,381,384,388,389,390,392,394,396,397,398,402,403,405,414,419,421,431,435,436,441,455,460,477,481,482,483,484,485,
486,487,488,489,490,492,493,502,503,506,512,514,517,520,526,529,530,532,533,534,535,541,542,543,544,548,552,553,556,557,
560,563,564,566,567,568,572,573,576,577,578,580,581,582,584,585,586,587,588,589,591,593,608,612,614,618,621,622,624,626,
627,628,629,630,631,632,633,634,635,637,638,639,640,641,642,643,644,645,646,647,648,649,650,651,652,653,654,655,656,657,
658,659,662,665,667,668,669,670,671,672,673,674,675,676,677,678,680,681,683,684,685,686,687,688,689,690,691,692,693,694,
695,696,697,698,699,701,702,704,708,711,712,718,719,727,730,732,741,742,745,747,754,758,759,766,767,768,769,770,771,772,
774,790,791,795,797,798,801,802,803,811,815,816,823,831,835,837,838,843,845,847,854,861,862,873,888,893,896,897,900,903,
910,913,922,926,928,935,937,938,941,944,946,947,949,950,954,958,962,963,966,967,968,969,973,975,977,978,981,982,983,984,
988,989,990,993,995,996,997,999,
=============== error
