*. Go语言简介 === http://c.biancheng.net/view/1.html
*. Go语言为并发而生 === http://c.biancheng.net/view/2.html
*. 哪些项目使用Go语言开发？ === http://c.biancheng.net/view/3.html
*. Go语言的性能如何？ === http://c.biancheng.net/view/4.html
*. Go语言标准库强大 === http://c.biancheng.net/view/5.html
*. Go语言上手简单 === http://c.biancheng.net/view/6.html
*. Go语言代码风格清晰、简单 === http://c.biancheng.net/view/7.html
*. Go语言变量的声明（使用var关键字） === http://c.biancheng.net/view/9.html
*. Go语言变量的初始化 === http://c.biancheng.net/view/10.html
*. Go语言多个变量同时赋值 === http://c.biancheng.net/view/11.html
*. Go语言匿名变量（没有名字的变量） === http://c.biancheng.net/view/12.html
*. Go语言整型（整数类型） === http://c.biancheng.net/view/13.html
*. Go语言浮点类型（小数类型） === http://c.biancheng.net/view/14.html
*. Go语言输出正弦函数（Sin）图像 === http://c.biancheng.net/view/15.html
*. Go语言bool类型（布尔类型） === http://c.biancheng.net/view/16.html
*. Go语言字符串 === http://c.biancheng.net/view/17.html
*. Go语言字符类型（byte和rune） === http://c.biancheng.net/view/18.html
*. Go语言数据类型转换 === http://c.biancheng.net/view/20.html
*. Go语言指针详解，看这一篇文章就够了 === http://c.biancheng.net/view/21.html
*. Go语言常量和const关键字 === http://c.biancheng.net/view/23.html
*. Go语言type关键字（类型别名） === http://c.biancheng.net/view/25.html
*. Go语言数组详解 === http://c.biancheng.net/view/26.html
*. Go语言切片详解 === http://c.biancheng.net/view/27.html
*. Go语言append()为切片添加元素 === http://c.biancheng.net/view/28.html
*. Go语言copy()：切片复制（切片拷贝） === http://c.biancheng.net/view/29.html
*. Go语言从切片中删除元素 === http://c.biancheng.net/view/30.html
*. Go语言map（Go语言映射） === http://c.biancheng.net/view/31.html
*. Go语言遍历map（访问map中的每一个键值对） === http://c.biancheng.net/view/32.html
*. Go语言map元素的删除和清空 === http://c.biancheng.net/view/33.html
*. Go语言sync.Map（在并发环境中使用的map） === http://c.biancheng.net/view/34.html
*. Go语言list（列表） === http://c.biancheng.net/view/35.html
*. Go语言计算字符串长度——len()和RuneCountInString() === http://c.biancheng.net/view/36.html
*. Go语言遍历字符串——获取每一个字符串元素 === http://c.biancheng.net/view/37.html
*. Go语言字符串截取（获取字符串的某一段字符） === http://c.biancheng.net/view/38.html
*. Go语言字符串拼接（连接） === http://c.biancheng.net/view/40.html
*. Go语言fmt.Sprintf（格式化输出） === http://c.biancheng.net/view/41.html
*. Go语言if else（分支结构） === http://c.biancheng.net/view/44.html
*. Go语言for（循环结构） === http://c.biancheng.net/view/45.html
*. Go语言输出九九乘法表 === http://c.biancheng.net/view/46.html
*. Go语言for range（键值循环） === http://c.biancheng.net/view/47.html
*. Go语言switch case语句 === http://c.biancheng.net/view/48.html
*. Go语言goto语句——跳转到指定的标签 === http://c.biancheng.net/view/49.html
*. Go语言break（跳出循环） === http://c.biancheng.net/view/50.html
*. Go语言continue（继续下一次循环） === http://c.biancheng.net/view/51.html
*. Go语言函数声明（函数定义） === http://c.biancheng.net/view/52.html
*. Go语言函数变量——把函数作为值保存到变量中 === http://c.biancheng.net/view/55.html
*. Go语言匿名函数——没有函数名字的函数 === http://c.biancheng.net/view/57.html
*. Go语言函数类型实现接口——把函数作为接口来调用 === http://c.biancheng.net/view/58.html
*. Go语言闭包（Closure）——引用了外部变量的匿名函数 === http://c.biancheng.net/view/59.html
*. Go语言可变参数（变参函数） === http://c.biancheng.net/view/60.html
*. Go语言defer（延迟执行语句） === http://c.biancheng.net/view/61.html
*. Go语言处理运行时错误 === http://c.biancheng.net/view/62.html
*. Go语言宕机（panic）——程序终止运行 === http://c.biancheng.net/view/63.html
*. Go语言宕机恢复（recover）——防止程序崩溃 === http://c.biancheng.net/view/64.html
*. Go语言结构体定义 === http://c.biancheng.net/view/65.html
*. Go语言实例化结构体——为结构体分配内存并初始化 === http://c.biancheng.net/view/66.html
*. Go语言初始化结构体的成员变量 === http://c.biancheng.net/view/67.html
*. Go语言构造函数 === http://c.biancheng.net/view/68.html
*. Go语言类型内嵌和结构体内嵌 === http://c.biancheng.net/view/72.html
*. Go语言初始化内嵌结构体 === http://c.biancheng.net/view/74.html
*. Go语言内嵌结构体成员名字冲突 === http://c.biancheng.net/view/75.html
*. Go语言接口声明（定义） === http://c.biancheng.net/view/77.html
*. Go语言实现接口的条件 === http://c.biancheng.net/view/78.html
*. Go语言类型与接口的关系 === http://c.biancheng.net/view/79.html
*. Go语言排序（借助sort.Interface接口） === http://c.biancheng.net/view/81.html
*. Go语言接口的嵌套组合 === http://c.biancheng.net/view/82.html
*. Go语言接口和类型之间的转换 === http://c.biancheng.net/view/83.html
*. Go语言空接口类型（interface{}） === http://c.biancheng.net/view/84.html
*. Go语言类型分支（switch判断空接口中变量的类型） === http://c.biancheng.net/view/86.html
*. Go语言GOPATH详解（Go语言工作目录） === http://c.biancheng.net/view/88.html
*. Go语言package（创建包） === http://c.biancheng.net/view/89.html
*. Go语言导出包中的标识符——让外部访问包的类型和值 === http://c.biancheng.net/view/90.html
*. Go语言import导入包——在代码中使用其他的代码 === http://c.biancheng.net/view/91.html
*. Go语言goroutine（轻量级线程） === http://c.biancheng.net/view/93.html
*. Go语言GOMAXPROCS（调整并发的运行性能） === http://c.biancheng.net/view/94.html
*. 并发和并行的区别 === http://c.biancheng.net/view/95.html
*. goroutine和coroutine的区别 === http://c.biancheng.net/view/96.html
*. Go语言通道（chan）——goroutine之间通信的管道 === http://c.biancheng.net/view/97.html
*. Go语言并发打印（借助通道实现） === http://c.biancheng.net/view/98.html
*. Go语言单向通道——通道中的单行道 === http://c.biancheng.net/view/99.html
*. Go语言带缓冲的通道 === http://c.biancheng.net/view/100.html
*. Go语言互斥锁（sync.Mutex）和读写互斥锁（sync.RWMutex） === http://c.biancheng.net/view/107.html
*. Go语言等待组（sync.WaitGroup） === http://c.biancheng.net/view/108.html
*. Go语言reflect.TypeOf()和reflect.Type（通过反射获取类型信息） === http://c.biancheng.net/view/109.html
*. Go语言reflect.Elem()——通过反射获取指针指向的元素类型 === http://c.biancheng.net/view/110.html
*. Go语言通过反射获取结构体的成员类型 === http://c.biancheng.net/view/111.html
*. Go语言结构体标签（Struct Tag） === http://c.biancheng.net/view/112.html
*. Go语言reflect.ValueOf()和reflect.Value（通过反射获取值信息） === http://c.biancheng.net/view/113.html
*. Go语言通过反射访问结构体成员的值 === http://c.biancheng.net/view/114.html
*. Go语言IsNil()和IsValid()——判断反射值的空和有效性 === http://c.biancheng.net/view/115.html
*. Go语言通过反射修改变量的值 === http://c.biancheng.net/view/116.html
*. Go语言通过类型信息创建实例 === http://c.biancheng.net/view/117.html
*. Go语言通过反射调用函数 === http://c.biancheng.net/view/118.html
*. go build命令（go语言编译命令）完全攻略 === http://c.biancheng.net/view/120.html
*. go run命令——编译并运行 === http://c.biancheng.net/view/121.html
*. go install命令——编译并安装 === http://c.biancheng.net/view/122.html
*. go get命令——一键获取代码、编译并安装 === http://c.biancheng.net/view/123.html
*. go test命令（Go语言测试命令）完全攻略 === http://c.biancheng.net/view/124.html
*. go pprof命令（Go语言性能分析命令）完全攻略 === http://c.biancheng.net/view/125.html
*. C语言的优点和缺点 === http://c.biancheng.net/view/132.html
*. 学习C语言的心得 === http://c.biancheng.net/view/135.html
*. 英语和数学不好能学好C语言吗 === http://c.biancheng.net/view/137.html
*. 字节（Byte）是什么？如何换算？ === http://c.biancheng.net/view/140.html
*. 进制是什么？ === http://c.biancheng.net/view/141.html
*. C89（C90）、C99、C11——C语言的三套标准 === http://c.biancheng.net/view/143.html
*. C语言编译器（C语言编程软件）完全攻略（包含所有平台） === http://c.biancheng.net/view/144.html
*. C++构造函数（从本质上理解） === http://c.biancheng.net/view/149.html
*. C++对象数组中使用构造函数 === http://c.biancheng.net/view/150.html
*. C++拷贝构造函数（复制构造函数）详解 === http://c.biancheng.net/view/151.html
*. C++析构函数详解 === http://c.biancheng.net/view/152.html
*. C语言变量定义和赋值 === http://c.biancheng.net/view/153.html
*. C语言变量命名规则 === http://c.biancheng.net/view/155.html
*. C语言变量初始化是必须的吗？不初始化会怎样？ === http://c.biancheng.net/view/156.html
*. C语言自动类型转换 === http://c.biancheng.net/view/157.html
*. C语言代码规范（编程规范） === http://c.biancheng.net/view/158.html
*. printf用法大全，C语言printf格式控制符一览表 === http://c.biancheng.net/view/159.html
*. C语言scanf函数用法完全攻略 === http://c.biancheng.net/view/160.html
*. C语言运算符优先级和结合性一览表 === http://c.biancheng.net/view/161.html
*. if else用法详解，C语言if else用法完全攻略 === http://c.biancheng.net/view/163.html
*. C++静态成员变量和静态成员函数详解 === http://c.biancheng.net/view/165.html
*. C++常对象和常成员函数详解 === http://c.biancheng.net/view/166.html
*. C++成员对象和封闭类详解 === http://c.biancheng.net/view/167.html
*. C++友元函数和友元类（C++ friend）详解 === http://c.biancheng.net/view/169.html
*. C++ this指针（直戳本质） === http://c.biancheng.net/view/170.html
*. switch case语句，switch case用法详解 === http://c.biancheng.net/view/171.html
*. for的用法详解，C语言for循环完全攻略 === http://c.biancheng.net/view/172.html
*. C语言注释详解（两种注释方式） === http://c.biancheng.net/view/174.html
*. C语言数据类型分类 === http://c.biancheng.net/view/176.html
*. C语言整数类型（含取值范围和长度） === http://c.biancheng.net/view/177.html
*. for循环嵌套，C语言for循环嵌套详解 === http://c.biancheng.net/view/178.html
*. void_C语言void关键字详解 === http://c.biancheng.net/view/179.html
*. while循环，C语言while循环详解 === http://c.biancheng.net/view/180.html
*. do while循环，C语言do while循环详解 === http://c.biancheng.net/view/181.html
*. break和continue，C语言break和continue的用法和区别 === http://c.biancheng.net/view/182.html
*. 清空输入缓冲器，C语言清空输入缓冲区完全攻略 === http://c.biancheng.net/view/183.html
*. 数组的定义，初始化和使用，C语言数组详解 === http://c.biancheng.net/view/184.html
*. 数组之间的赋值，C语言数组之间赋值详解 === http://c.biancheng.net/view/185.html
*. 数组的长度，C语言获取数组长度详解 === http://c.biancheng.net/view/186.html
*. #define用法，C语言#define详解 === http://c.biancheng.net/view/187.html
*. 数组倒序排列，数组倒置，C语言数组倒序算法详解 === http://c.biancheng.net/view/188.html
*. 顺序查找算法和折半（二分法）查找算法，C语言查找算法详解 === http://c.biancheng.net/view/189.html
*. C++语言的历史 === http://c.biancheng.net/view/190.html
*. 数组元素的添加或删除，C语言数组添加和删除元素详解 === http://c.biancheng.net/view/191.html
*. 冒泡排序算法，C语言冒泡排序算法详解 === http://c.biancheng.net/view/192.html
*. C++输入输出 === http://c.biancheng.net/view/193.html
*. C++默认参数（函数参数的默认值） === http://c.biancheng.net/view/194.html
*. C++引用类型详解 === http://c.biancheng.net/view/195.html
*. 选择排序算法，C语言选择排序算法详解 === http://c.biancheng.net/view/197.html
*. 快速排序算法，C语言快速排序算法详解 === http://c.biancheng.net/view/198.html
*. C++内联函数（C++ inline）详解 === http://c.biancheng.net/view/199.html
*. 二维数组的定义、初始化和输出，C语言二维数组详解 === http://c.biancheng.net/view/200.html
*. C++函数重载详解 === http://c.biancheng.net/view/201.html
*. 函数是什么，C语言函数概述 === http://c.biancheng.net/view/202.html
*. 有参函数，C语言有参函数详解 === http://c.biancheng.net/view/203.html
*. 函数的返回值，C语言函数返回值详解 === http://c.biancheng.net/view/204.html
*. 函数的递归调用，C语言函数递归调用完全攻略 === http://c.biancheng.net/view/205.html
*. C++ new和delete（C++动态分配和释放内存） === http://c.biancheng.net/view/206.html
*. 数组名作为函数参数传递，C语言数组作为函数参数传递详解 === http://c.biancheng.net/view/207.html
*. C++ string（C++字符串）详解 === http://c.biancheng.net/view/208.html
*. 什么是指针，C语言指针概述 === http://c.biancheng.net/view/211.html
*. 指针变量及其定义，C语言指针变量定义详解 === http://c.biancheng.net/view/212.html
*. 指针变量的初始化，C语言指针变量初始化详解 === http://c.biancheng.net/view/214.html
*. C++类的定义和使用 === http://c.biancheng.net/view/215.html
*. 指针作为函数参数，C语言指针作为函数参数详解 === http://c.biancheng.net/view/216.html
*. const关键字及其作用（用法），C语言const详解 === http://c.biancheng.net/view/217.html
*. const修饰指针的三种效果，C语言const修饰指针详解 === http://c.biancheng.net/view/218.html
*. C++类成员的访问范围（C++ private、public、protected） === http://c.biancheng.net/view/219.html
*. 指针与数组的关系，C语言指针和数组的关系详解 === http://c.biancheng.net/view/220.html
*. C++类和对象的总结，拿去做笔记吧 === http://c.biancheng.net/view/221.html
*. 动态内存分配，C语言动态内存分配详解 === http://c.biancheng.net/view/223.html
*. 多级指针（二级指针），C语言多级指针的用法详解 === http://c.biancheng.net/view/225.html
*. 二维数组指针表示，C语言指针引用二维数组详解 === http://c.biancheng.net/view/227.html
*. 函数指针及其定义和用法，C语言函数指针详解 === http://c.biancheng.net/view/228.html
*. 字符串常量，C语言字符串常量详解 === http://c.biancheng.net/view/229.html
*. 字符数组及其定义和初始化，C语言字符数组详解 === http://c.biancheng.net/view/230.html
*. memset函数及其用法，C语言memset函数详解 === http://c.biancheng.net/view/231.html
*. scanf函数输入字符串，C语言scanf函数输入字符串详解 === http://c.biancheng.net/view/232.html
*. gets函数，C语言gets函数详解 === http://c.biancheng.net/view/233.html
*. fgets函数及其用法，C语言fgets函数详解 === http://c.biancheng.net/view/235.html
*. puts函数，C语言puts函数用法详解 === http://c.biancheng.net/view/237.html
*. fputs函数，C语言fputs函数及其用法详解 === http://c.biancheng.net/view/238.html
*. C++实现可变长度的动态数组 === http://c.biancheng.net/view/240.html
*. 结构体的声明，定义及其初始化，C语言结构体完全攻略 === http://c.biancheng.net/view/241.html
*. C++重载&lt;&lt;和&gt;&gt;（C++重载输出运算符和输入运算符） === http://c.biancheng.net/view/242.html
*. 结构体字节对齐，C语言结构体字节对齐详解 === http://c.biancheng.net/view/243.html
*. C++重载()（强制类型转换运算符） === http://c.biancheng.net/view/244.html
*. 结构体数组及其定义和使用，C语言结构体数组详解 === http://c.biancheng.net/view/245.html
*. 结构体指针，C语言结构体指针详解 === http://c.biancheng.net/view/246.html
*. C++重载++和--（自增和自减运算符） === http://c.biancheng.net/view/247.html
*. C++运算符重载注意事项以及汇总 === http://c.biancheng.net/view/248.html
*. C++继承和派生是什么意思（通俗易懂） === http://c.biancheng.net/view/250.html
*. C++ protected（受保护的）详解 === http://c.biancheng.net/view/252.html
*. C语言历史，C语言与UNIX系统的关系 === http://c.biancheng.net/view/253.html
*. 算术运算符及算术表达式，C语言算术运算符及算术表达式详解 === http://c.biancheng.net/view/254.html
*. C++派生类的构造函数和析构函数 === http://c.biancheng.net/view/255.html
*. 逻辑运算符及其优先级，C语言逻辑运算符及其优先级详解 === http://c.biancheng.net/view/256.html
*. 关系运算符及其优先级，C语言关系运算符及其优先级详解 === http://c.biancheng.net/view/257.html
*. 赋值运算符及赋值表达式，C语言赋值运算符及其赋值表达式详解 === http://c.biancheng.net/view/258.html
*. C语言自动类型转换和强制类型转换详解 === http://c.biancheng.net/view/261.html
*. C++多态到底是什么（通俗易懂） === http://c.biancheng.net/view/264.html
*. C++多态的好处和作用（用实例说话） === http://c.biancheng.net/view/265.html
*. goto，break和continue语句，C语言goto，break和continue跳转语句详解 === http://c.biancheng.net/view/266.html
*. C++虚函数表（多态的实现原理） === http://c.biancheng.net/view/267.html
*. C++虚析构函数详解 === http://c.biancheng.net/view/269.html
*. 一维字符数组的定义、初始化及引用，C语言一维字符数组详解 === http://c.biancheng.net/view/271.html
*. 什么是流？C++流类和流对象 === http://c.biancheng.net/view/272.html
*. 二维字符数组的定义，初始化及引用，C语言二位字符数组详解 === http://c.biancheng.net/view/273.html
*. C++ cout格式化输出（输出格式）完全攻略 === http://c.biancheng.net/view/275.html
*. C++ cin判断输入结束（读取结束） === http://c.biancheng.net/view/277.html
*. cin.get()：C++读取单个字符 === http://c.biancheng.net/view/278.html
*. cin.getline()：C++读入一行字符串（整行数据） === http://c.biancheng.net/view/279.html
*. cin.ignore()：C++跳过（忽略）指定字符 === http://c.biancheng.net/view/280.html
*. C语言左值与右值详解 === http://c.biancheng.net/view/281.html
*. 计算机文件到底是什么（通俗易懂）？ === http://c.biancheng.net/view/283.html
*. C++文件类（文件流类）有哪些？ === http://c.biancheng.net/view/284.html
*. C语言运算符优先级 === http://c.biancheng.net/view/285.html
*. 宏定义（无参宏定义和带参宏定义），C语言宏定义详解 === http://c.biancheng.net/view/287.html
*. C语言位运算符 === http://c.biancheng.net/view/288.html
*. 条件编译，C语言条件编译详解 === http://c.biancheng.net/view/289.html
*. 原码、反码、补码及位操作符，C语言位操作详解 === http://c.biancheng.net/view/290.html
*. C语言*运算符和&amp;运算符 === http://c.biancheng.net/view/291.html
*. C语言下标运算符（[]） === http://c.biancheng.net/view/292.html
*. C语言点运算符和箭头运算符 === http://c.biancheng.net/view/293.html
*. C++ open 打开文件（含打开模式一览表） === http://c.biancheng.net/view/294.html
*. C语言条件运算符（?:） === http://c.biancheng.net/view/296.html
*. C语言逗号运算符(，) === http://c.biancheng.net/view/297.html
*. typedef的用法，C语言typedef详解 === http://c.biancheng.net/view/298.html
*. C++文本文件的读取和写入 === http://c.biancheng.net/view/299.html
*. typedef和define区别，C语言typedef和define的区别详解 === http://c.biancheng.net/view/300.html
*. static变量及其作用，C语言static变量详解 === http://c.biancheng.net/view/301.html
*. C++二进制文件的读取和写入（精华版） === http://c.biancheng.net/view/302.html
*. C语言复合语句（语句块） === http://c.biancheng.net/view/303.html
*. =与==的区别，C语言=与==的区别详解 === http://c.biancheng.net/view/304.html
*. C语言循环结构（while循环，for循环，do…while循环） === http://c.biancheng.net/view/305.html
*. |和||的区别，C语言|和||的区别详解 === http://c.biancheng.net/view/306.html
*. for循环及其注意事项，C语言使用for循环的注意事项总结 === http://c.biancheng.net/view/308.html
*. C++移动和获取文件读写指针（seekp、seekg、tellg、tellp） === http://c.biancheng.net/view/309.html
*. switch语句用法注意事项，如何正确使用switch语句 === http://c.biancheng.net/view/310.html
*. 文件的文本打开方式和二进制打开方式的区别 === http://c.biancheng.net/view/311.html
*. C语言if语句 === http://c.biancheng.net/view/313.html
*. IEEE 754浮点数标准详解 === http://c.biancheng.net/view/314.html
*. C++函数模板（模板函数）详解 === http://c.biancheng.net/view/315.html
*. C语言switch case 语句 === http://c.biancheng.net/view/316.html
*. C语言跳转语句（break语句，continue语句，goto语句，return语句） === http://c.biancheng.net/view/318.html
*. C++类模板（模板类）详解 === http://c.biancheng.net/view/320.html
*. 什么是函数？以及函数的定义 === http://c.biancheng.net/view/321.html
*. C++模板类（类模板）与继承 === http://c.biancheng.net/view/324.html
*. C语言将数组作为函数参数 === http://c.biancheng.net/view/326.html
*. C语言main()函数 === http://c.biancheng.net/view/328.html
*. C语言const int *a和int*const a 的区别详解 === http://c.biancheng.net/view/329.html
*. C++容器（STL容器） === http://c.biancheng.net/view/331.html
*. C语言函数声明 === http://c.biancheng.net/view/332.html
*. 数组的存储，C语言数组的存储实质详解 === http://c.biancheng.net/view/333.html
*. 数组指针和指针数组的区别，C语言数组指针和指针数组区别详解 === http://c.biancheng.net/view/335.html
*. C语言指针作为参数和返回值 === http://c.biancheng.net/view/336.html
*. 字符数组和字符串的区别，C语言字符数组和字符串区别详解 === http://c.biancheng.net/view/337.html
*. C++迭代器（STL迭代器）iterator详解 === http://c.biancheng.net/view/338.html
*. C语言内联函数 === http://c.biancheng.net/view/339.html
*. 字符串查找函数，C语言字符串查找函数详解 === http://c.biancheng.net/view/340.html
*. C语言递归函数 === http://c.biancheng.net/view/341.html
*. strlen函数与sizeof的区别，C语言strlen与sizeof的区别详解 === http://c.biancheng.net/view/342.html
*. STL算法详解 === http://c.biancheng.net/view/343.html
*. C语言可变参数函数 === http://c.biancheng.net/view/344.html
*. EOF宏，C语言EOF宏详解 === http://c.biancheng.net/view/345.html
*. STL中“大”、“小”和“相等”的概念 === http://c.biancheng.net/view/346.html
*. 宏和函数的区别，C语言宏和函数区别详解 === http://c.biancheng.net/view/347.html
*. C++ vector，STL vector（可变长的动态数组）详解 === http://c.biancheng.net/view/348.html
*. C语言一维数组的定义 === http://c.biancheng.net/view/349.html
*. C++ list，STL list（双向链表）详解 === http://c.biancheng.net/view/351.html
*. 初始化数组，C语言中数组的初始化 === http://c.biancheng.net/view/352.html
*. C++函数对象详解（附带实例） === http://c.biancheng.net/view/354.html
*. C语言字符串数组 === http://c.biancheng.net/view/355.html
*. C语言多维数组，以及多维数组中的二维数组 === http://c.biancheng.net/view/356.html
*. C语言指针的声明 === http://c.biancheng.net/view/359.html
*. C语言指针的初始化以及什么是空指针和void指针 === http://c.biancheng.net/view/360.html
*. 位操作及其使用注意事项，C语言位操作及其使用方法详解 === http://c.biancheng.net/view/362.html
*. C语言指针的运算 === http://c.biancheng.net/view/363.html
*. C语言空（null）指针和NULL指针的区别详解 === http://c.biancheng.net/view/364.html
*. void指针及其应用，C语言void指针及使用注意事项详解 === http://c.biancheng.net/view/365.html
*. 数组越界及其避免方法，C语言数组越界详解 === http://c.biancheng.net/view/366.html
*. C语言指针常量和指向常量的指针 === http://c.biancheng.net/view/367.html
*. C语言数组指针和指针数组 === http://c.biancheng.net/view/368.html
*. C语言指向函数的指针 === http://c.biancheng.net/view/370.html
*. 值传递和地址传递，C语言函数传参方式详解 === http://c.biancheng.net/view/371.html
*. C语言结构类型的定义 === http://c.biancheng.net/view/372.html
*. printf函数和scanf函数，C语言printf函数和scanf函数详解 === http://c.biancheng.net/view/373.html
*. C语言联合（union）的定义和初始化 === http://c.biancheng.net/view/375.html
*. gets和fgets函数及其区别，C语言gets和fgets函数详解 === http://c.biancheng.net/view/379.html
*. C语言动态内存管理和动态内存分配 === http://c.biancheng.net/view/380.html
*. feof和ferror函数，C语言feof和ferror函数详解 === http://c.biancheng.net/view/382.html
*. malloc和free函数使用注意事项，C语言malloc和free使用详解 === http://c.biancheng.net/view/383.html
*. 内存泄漏的场景分析和避免方法总结，C语言内存泄漏详解 === http://c.biancheng.net/view/385.html
*. C++ multiset，STL multiset详解 === http://c.biancheng.net/view/386.html
*. C++ set，STL set详解 === http://c.biancheng.net/view/387.html
*. C++ map，STL map详解 === http://c.biancheng.net/view/391.html
*. C++ stack，STL stack详解 === http://c.biancheng.net/view/393.html
*. fseek、ftell和rewind函数，C语言fseek、ftell和rewind函数详解 === http://c.biancheng.net/view/395.html
*. fread和fwrite函数，C语言fread和fwrite函数详解 === http://c.biancheng.net/view/399.html
*. C++ string类（C++字符串）完全攻略 === http://c.biancheng.net/view/400.html
*. strchr和strrchr函数及用法，C语言strchr和strrchr函数详解 === http://c.biancheng.net/view/401.html
*. extern关键字，C语言extern关键字用法详解 === http://c.biancheng.net/view/404.html
*. C++ bitset类详解 === http://c.biancheng.net/view/406.html
*. C语言文件的打开和关闭，C语言文件操作 === http://c.biancheng.net/view/407.html
*. C语言格式化输出 === http://c.biancheng.net/view/408.html
*. C++序列式容器（STL序列式容器）是什么 === http://c.biancheng.net/view/409.html
*. C++强制类型转换运算符（static_cast、reinterpret_cast、const_cast和dynamic_cast） === http://c.biancheng.net/view/410.html
*. C++ array(STL array)的用法及初始化 === http://c.biancheng.net/view/411.html
*. C++ array获取（访问）元素 === http://c.biancheng.net/view/412.html
*. C++ array迭代器及用法 === http://c.biancheng.net/view/413.html
*. C语言格式化输入 === http://c.biancheng.net/view/415.html
*. C++ vector的使用、创建及初始化 === http://c.biancheng.net/view/416.html
*. C++ vector容量和大小 === http://c.biancheng.net/view/417.html
*. C++ vector获取（访问）元素 === http://c.biancheng.net/view/418.html
*. C++ vector迭代器及用法 === http://c.biancheng.net/view/420.html
*. C++异常处理（try catch throw）完全攻略 === http://c.biancheng.net/view/422.html
*. C语言线程和进程 === http://c.biancheng.net/view/423.html
*. C++ vector添加（增加）元素 === http://c.biancheng.net/view/424.html
*. C语言创建线程thread_create（） === http://c.biancheng.net/view/425.html
*. C语言线程函数 === http://c.biancheng.net/view/426.html
*. C++ vector插入元素(数据)详解 === http://c.biancheng.net/view/427.html
*. C语言线程互斥和原子操作 === http://c.biancheng.net/view/428.html
*. C++ vector删除元素（数据）详解 === http://c.biancheng.net/view/429.html
*. C++11 shared_ptr（智能指针）详解 === http://c.biancheng.net/view/430.html
*. C++ deque使用、创建及初始化详解 === http://c.biancheng.net/view/432.html
*. C++11 Lambda表达式（匿名函数）详解 === http://c.biancheng.net/view/433.html
*. C语言线程间通信 === http://c.biancheng.net/view/434.html
*. C++ deque修改（替换、更改）元素详解 === http://c.biancheng.net/view/437.html
*. C++11 auto和decltype关键字 === http://c.biancheng.net/view/438.html
*. C++11右值引用详解 === http://c.biancheng.net/view/439.html
*. C++ list(STL list)使用、创建和初始化 === http://c.biancheng.net/view/440.html
*. C++ list（STL list）增加和插入元素详解（insert成员函数插入元素） === http://c.biancheng.net/view/442.html
*. C语言#include的用法 === http://c.biancheng.net/view/443.html
*. C++ list(STL list)删除元素方法详解 === http://c.biancheng.net/view/444.html
*. C++ list(STL list)排序及合并元素方法详解 === http://c.biancheng.net/view/445.html
*. C语言宏的定义和宏的使用方法（#define） === http://c.biancheng.net/view/446.html
*. C++ list（STL list）访问（获取）元素方法详解 === http://c.biancheng.net/view/447.html
*. C++ forward_list用法详解 === http://c.biancheng.net/view/448.html
*. C语言条件编译（#if，#ifdef，#ifndef，#endif，#else，#elif） === http://c.biancheng.net/view/449.html
*. 什么是编译器？ === http://c.biancheng.net/view/450.html
*. 与编译器相关的几个知识点 === http://c.biancheng.net/view/451.html
*. Windows下的编译器有哪些？如何选择？ === http://c.biancheng.net/view/452.html
*. VS2015下载地址和安装教程（图解） === http://c.biancheng.net/view/453.html
*. VS2015使用教程（使用VS2015编写C语言程序） === http://c.biancheng.net/view/454.html
*. VS2017下载地址和安装教程（图解） === http://c.biancheng.net/view/456.html
*. VS2017使用教程（使用VS2017编写C语言程序） === http://c.biancheng.net/view/457.html
*. VS2010下载地址和安装教程（图解） === http://c.biancheng.net/view/458.html
*. VS2010使用教程（使用VS2010编写C语言程序） === http://c.biancheng.net/view/459.html
*. Dev C++下载地址和安装教程（图解） === http://c.biancheng.net/view/461.html
*. Dev C++使用教程（使用Dev C++编写C语言程序） === http://c.biancheng.net/view/462.html
*. VC6.0（VC++6.0）下载地址和安装教程（图解） === http://c.biancheng.net/view/463.html
*. VC6.0（VC++6.0）使用教程（使用VC6.0编写C语言程序） === http://c.biancheng.net/view/464.html
*. Code::Blocks下载地址和安装教程（图解） === http://c.biancheng.net/view/465.html
*. Code::Blocks汉化教程（附带汉化包） === http://c.biancheng.net/view/466.html
*. Code::Blocks使用教程（使用Code::Blocks编写C语言程序） === http://c.biancheng.net/view/467.html
*. Turbo C 2.0下载地址和安装教程（图解） === http://c.biancheng.net/view/468.html
*. Turbo C 2.0使用教程（使用Turbo C 2.0编写C语言程序） === http://c.biancheng.net/view/469.html
*. C-Free 5.0下载地址和激活教程（图解） === http://c.biancheng.net/view/470.html
*. C++自定义迭代器（STL自定义迭代器)的实现详解 === http://c.biancheng.net/view/471.html
*. C-Free使用教程（使用C-Free编写C语言程序） === http://c.biancheng.net/view/472.html
*. VS安全函数问题（C语言安全函数）是怎么回事？如何解决？ === http://c.biancheng.net/view/473.html
*. VS“无法查找或打开PDB文件”是怎么回事？如何解决 === http://c.biancheng.net/view/474.html
*. Linux GCC简明教程（使用GCC编写C语言程序） === http://c.biancheng.net/view/475.html
*. Xcode简明教程（使用Xcode编写C语言程序） === http://c.biancheng.net/view/476.html
*. C++ stack(STL stack)用法详解 === http://c.biancheng.net/view/478.html
*. C++ queue(STL queue)用法详解 === http://c.biancheng.net/view/479.html
*. C++ priority_queue(STL priority_queue)用法详解 === http://c.biancheng.net/view/480.html
*. C++ map的创建（STL map的创建）详解 === http://c.biancheng.net/view/491.html
*. C语言九九乘法表（五种输出形式） === http://c.biancheng.net/view/494.html
*. C语言杨辉三角（两种方法） === http://c.biancheng.net/view/495.html
*. C++ map插入数据（STL map插入数据）详解 === http://c.biancheng.net/view/496.html
*. C语言求圆周率π（三种方法） === http://c.biancheng.net/view/497.html
*. C语言判断素数（求素数）（两种方法） === http://c.biancheng.net/view/498.html
*. C语言输出菱形（详解版） === http://c.biancheng.net/view/499.html
*. C语言百钱买百鸡问题（详解版） === http://c.biancheng.net/view/500.html
*. C语言求完数（完全数）（详解版） === http://c.biancheng.net/view/501.html
*. C语言水仙花数（详解版） === http://c.biancheng.net/view/504.html
*. C语言求回文数（详解版） === http://c.biancheng.net/view/505.html
*. C语言求最大公约数（详解版） === http://c.biancheng.net/view/507.html
*. C++ map（STL map）构造元素（emplace和emplace_hint函数）详解 === http://c.biancheng.net/view/508.html
*. C语言求最小公倍数（详解版） === http://c.biancheng.net/view/509.html
*. C语言三个数从小到大排序/输出 === http://c.biancheng.net/view/510.html
*. C语言猴子吃桃问题 === http://c.biancheng.net/view/511.html
*. C++ map（STL map）删除元素（erase函数删除元素）详解 === http://c.biancheng.net/view/513.html
*. C语言百钱买百鸡（百钱百鸡，百鸡问题） === http://c.biancheng.net/view/515.html
*. C语言渔夫打鱼晒网问题 === http://c.biancheng.net/view/516.html
*. C++ multimap(STL multimap)的使用详解 === http://c.biancheng.net/view/518.html
*. vi工作模式（3种）以及模式切换（转换） === http://c.biancheng.net/view/519.html
*. 进入vi编辑器（vi打开文件） === http://c.biancheng.net/view/521.html
*. C语言希尔排序算法 === http://c.biancheng.net/view/522.html
*. C++ hash(STL hash)及其函数模板用法详解 === http://c.biancheng.net/view/523.html
*. C语言冒泡排序算法 === http://c.biancheng.net/view/524.html
*. C语言直接插入排序算法 === http://c.biancheng.net/view/525.html
*. C++ unordered_map初始化详解 === http://c.biancheng.net/view/527.html
*. C语言快速排序算法 === http://c.biancheng.net/view/528.html
*. C语言选择排序算法 === http://c.biancheng.net/view/531.html
*. C语言二分查找算法，折半查找算法 === http://c.biancheng.net/view/536.html
*. C++ set初始化（STL set初始化）详解 === http://c.biancheng.net/view/537.html
*. C++ set添加、删除和访问(STL set添加、删除和访问)元素详解 === http://c.biancheng.net/view/538.html
*. C++ set用法（STL set用法）详解 === http://c.biancheng.net/view/539.html
*. C语言分块查找算法，索引顺序查找算法 === http://c.biancheng.net/view/540.html
*. C++ multiset用法详解（附带完整示例） === http://c.biancheng.net/view/545.html
*. C++ unordered_set定义及初始化详解 === http://c.biancheng.net/view/546.html
*. vi修改文件内容（文本修改命令） === http://c.biancheng.net/view/547.html
*. C++ unordered_set查找元素（find查找元素）详解 === http://c.biancheng.net/view/549.html
*. vi文本删除命令（删除文件内容） === http://c.biancheng.net/view/550.html
*. C语言求n的阶乘（n!） === http://c.biancheng.net/view/551.html
*. C语言判断三角形的类型 === http://c.biancheng.net/view/554.html
*. vi文本复制命令（复制文件内容） === http://c.biancheng.net/view/555.html
*. vi撤销命令（u和U），撤销上一次的操作 === http://c.biancheng.net/view/558.html
*. C语言水仙花数，阿姆斯特朗数 === http://c.biancheng.net/view/559.html
*. C++ sort（STL sort）排序算法详解 === http://c.biancheng.net/view/561.html
*. C语言最大公约数和最小公倍数 === http://c.biancheng.net/view/562.html
*. C语言求自然底数e，求自然对数的底e === http://c.biancheng.net/view/565.html
*. C语言小写转大写，小写字母转换成大写字母 === http://c.biancheng.net/view/569.html
*. C++ find（STL find）查找算法详解 === http://c.biancheng.net/view/570.html
*. C++ find_if（STL find_if）查找算法详解 === http://c.biancheng.net/view/571.html
*. C语言求回文素数 === http://c.biancheng.net/view/574.html
*. C语言判断闰年，即判断年份是否为闰年 === http://c.biancheng.net/view/575.html
*. C语言矩阵转置 === http://c.biancheng.net/view/579.html
*. C语言兔子生兔子问题 === http://c.biancheng.net/view/583.html
*. C++(STL) all_of、any_of及none_of算法详解 === http://c.biancheng.net/view/590.html
*. C++ equal(STL equal)比较算法详解 === http://c.biancheng.net/view/592.html
*. C++ mismatch(STL mismatch)算法详解 === http://c.biancheng.net/view/594.html
*. C++（STL） lexicographical_compare字符串排序算法详解 === http://c.biancheng.net/view/595.html
*. C语言统计单词个数，单词个数算法 === http://c.biancheng.net/view/596.html
*. C++ next_permutation(STL next_permutation)算法详解 === http://c.biancheng.net/view/597.html
*. C++ prev_permutation(STL prev_permutation)算法详解 === http://c.biancheng.net/view/598.html
*. C语言字符串加密和解密算法 === http://c.biancheng.net/view/599.html
*. C++ is_permutation（STL is_permutation）算法详解 === http://c.biancheng.net/view/600.html
*. C++ copy_n(STL copy_n)算法详解 === http://c.biancheng.net/view/601.html
*. C++ copy_if(STL copy_if)算法详解 === http://c.biancheng.net/view/602.html
*. C语言输出等腰三角形 === http://c.biancheng.net/view/603.html
*. C语言汉诺塔问题，用C语言实现汉诺塔 === http://c.biancheng.net/view/604.html
*. C++ copy_backward(STL copy_backward)算法详解 === http://c.biancheng.net/view/605.html
*. C++ reverse_copy(STL reverse_copy)算法详解 === http://c.biancheng.net/view/606.html
*. C++ unique(STL unique)算法详解 === http://c.biancheng.net/view/607.html
*. C++ rotate(STL rotate)算法详解 === http://c.biancheng.net/view/609.html
*. C语言整数逆序输出 === http://c.biancheng.net/view/610.html
*. C++ rotate_copy（STL rotate_copy）算法详解 === http://c.biancheng.net/view/611.html
*. C++ move(STL move)函数使用详解 === http://c.biancheng.net/view/613.html
*. vi退出命令 === http://c.biancheng.net/view/615.html
*. C++ swap_ranges(STL swap_ranges)函数使用详解 === http://c.biancheng.net/view/616.html
*. C++ remove、remove_copy、remove_if和remove_copy_if函数使用详解 === http://c.biancheng.net/view/617.html
*. C++ fill和fill_n函数用法详解 === http://c.biancheng.net/view/619.html
*. C++（STL）generate和generate_n函数用法详解 === http://c.biancheng.net/view/620.html
*. C++ transform(STL transform)函数用法详解 === http://c.biancheng.net/view/623.html
*. C++ replace,replace_if和replace_copy函数用法详解 === http://c.biancheng.net/view/625.html
*. vi字符串检索（查找）命令 === http://c.biancheng.net/view/636.html
*. GCC编译C语言程序完整演示 === http://c.biancheng.net/view/660.html
*. GCC分步骤编译C语言程序 === http://c.biancheng.net/view/661.html
*. GCC编译流程 === http://c.biancheng.net/view/663.html
*. GCC常用选项 === http://c.biancheng.net/view/664.html
*. GCC -c选项：只编译不链接，仅生成目标文件 === http://c.biancheng.net/view/666.html
*. GCC的组成部分以及使用到的软件 === http://c.biancheng.net/view/679.html
*. C++ accumulate函数用法详解 === http://c.biancheng.net/view/682.html
*. GCC -o选项：指定输出文件 === http://c.biancheng.net/view/700.html
*. C++ complex复数类用法详解 === http://c.biancheng.net/view/703.html
*. 操作系统是什么，操作系统概述 === http://c.biancheng.net/view/705.html
*. Shell是什么？1分钟理解Shell的概念！ === http://c.biancheng.net/view/706.html
*. Linux和UNIX的关系及区别（详解版） === http://c.biancheng.net/view/707.html
*. Linux系统的优缺点 === http://c.biancheng.net/view/709.html
*. 常见Linux发行版本有哪些？ === http://c.biancheng.net/view/710.html
*. Linux该如何学习（新手入门必看） === http://c.biancheng.net/view/713.html
*. VMware虚拟机安装Linux系统(详解版) === http://c.biancheng.net/view/714.html
*. U盘安装Linux系统 === http://c.biancheng.net/view/715.html
*. dd命令安装Linux === http://c.biancheng.net/view/716.html
*. Linux远程管理工具（PuTTY和SecureCRT） === http://c.biancheng.net/view/717.html
*. Linux命令基本格式（详解版） === http://c.biancheng.net/view/720.html
*. Linux ls命令：查看目录下文件 === http://c.biancheng.net/view/721.html
*. Linux cd命令：切换目录 === http://c.biancheng.net/view/722.html
*. Linux mkdir命令：创建目录（文件夹） === http://c.biancheng.net/view/723.html
*. Java语句：Java空语句、复合语句和表达式语句 === http://c.biancheng.net/view/724.html
*. Linux rmdir命令：删除空目录 === http://c.biancheng.net/view/725.html
*. Linux touch命令：创建文件及修改文件时间戳 === http://c.biancheng.net/view/726.html
*. Linux cat命令：连接文件并打印输出到标准输出设备 === http://c.biancheng.net/view/728.html
*. Linux more命令：分屏显示文件内容 === http://c.biancheng.net/view/729.html
*. Shell是运维人员必须掌握的技能 === http://c.biancheng.net/view/731.html
*. 进入Shell的两种方式 === http://c.biancheng.net/view/733.html
*. Shell提示符：#和$ === http://c.biancheng.net/view/734.html
*. 第一个Shell脚本 === http://c.biancheng.net/view/735.html
*. Linux head命令：显示文件开头的内容 === http://c.biancheng.net/view/736.html
*. Linux tail命令：显示文件结尾的内容 === http://c.biancheng.net/view/737.html
*. Java switch case语句详解 === http://c.biancheng.net/view/738.html
*. 执行Shell脚本（多种方法） === http://c.biancheng.net/view/739.html
*. Linux ln命令：在文件之间建立链接（硬链接和软链接）详解版 === http://c.biancheng.net/view/740.html
*. Shell变量：Shell变量的定义、赋值和删除 === http://c.biancheng.net/view/743.html
*. Linux rm命令：删除文件或目录 === http://c.biancheng.net/view/744.html
*. Linux cp命令：复制文件和目录 === http://c.biancheng.net/view/746.html
*. Java输出九九乘法表 === http://c.biancheng.net/view/748.html
*. Linux mv命令：移动文件或改名 === http://c.biancheng.net/view/749.html
*. Java foreach语句的用法 === http://c.biancheng.net/view/750.html
*. Java return语句 === http://c.biancheng.net/view/751.html
*. Linux文件权限（所有者，所属组）及含义详解 === http://c.biancheng.net/view/752.html
*. Linux权限位（超详细） === http://c.biancheng.net/view/753.html
*. Linux chmod命令：修改文件或目录的权限 === http://c.biancheng.net/view/755.html
*. Java continue语句详解 === http://c.biancheng.net/view/756.html
*. Linux读写执行权限（-r、-w、-x）的真正含义 === http://c.biancheng.net/view/757.html
*. Java输出杨辉三角形 === http://c.biancheng.net/view/760.html
*. Linux chown命令：修改文件和目录的所有者和所属组 === http://c.biancheng.net/view/761.html
*. Linux chgrp命令：修改文件和目录的所属组 === http://c.biancheng.net/view/762.html
*. Java常量：Java常量的定义和分类 === http://c.biancheng.net/view/763.html
*. Linux umask详解：令新建文件和目录拥有默认权限 === http://c.biancheng.net/view/764.html
*. Java变量的声明和初始化 === http://c.biancheng.net/view/765.html
*. Shell变量的作用域：Shell全局变量、环境变量和局部变量 === http://c.biancheng.net/view/773.html
*. Java算术运算符 === http://c.biancheng.net/view/775.html
*. Java赋值运算符（=） === http://c.biancheng.net/view/776.html
*. Java逻辑运算符（&amp;&amp;、||和!） === http://c.biancheng.net/view/777.html
*. Java关系运算符 === http://c.biancheng.net/view/778.html
*. Linux find命令：在目录中查找文件（超详解） === http://c.biancheng.net/view/779.html
*. Java自增和自减运算符（++和--） === http://c.biancheng.net/view/780.html
*. Linux zip命令：压缩文件或目录 === http://c.biancheng.net/view/781.html
*. Linux unzip命令：解压zip文件 === http://c.biancheng.net/view/782.html
*. Linux gzip命令：压缩文件或目录 === http://c.biancheng.net/view/783.html
*. Java位运算符：Java移位运算符、复合位赋值运算符及位逻辑运算符 === http://c.biancheng.net/view/784.html
*. Linux gunzip命令：解压缩文件或目录 === http://c.biancheng.net/view/785.html
*. Linux bzip2命令：压缩文件（.bz2格式） === http://c.biancheng.net/view/786.html
*. Linux bunzip2命令：bz2格式的解压缩命令 === http://c.biancheng.net/view/787.html
*. Linux tar压缩命令：打包与解打包命令 === http://c.biancheng.net/view/788.html
*. Shell位置参数（命令行参数） === http://c.biancheng.net/view/789.html
*. Java三目运算符（条件运算符? :） === http://c.biancheng.net/view/792.html
*. Linux关机和重启命令（超详解） === http://c.biancheng.net/view/793.html
*. Java运算符优先级 === http://c.biancheng.net/view/794.html
*. Java数据类型转换：强制类型转换+自动类型转换 === http://c.biancheng.net/view/796.html
*. Java定义字符串（2种方式） === http://c.biancheng.net/view/799.html
*. linux netstat命令：网络状态查看命令 === http://c.biancheng.net/view/800.html
*. Linux Vim三种工作模式（命令模式、输入模式和编辑模式）详解 === http://c.biancheng.net/view/804.html
*. Linux Vim基本操作（文件的打开和编辑）完全攻略（有图有真相） === http://c.biancheng.net/view/805.html
*. Shell特殊变量：Shell $#、$*、$@、$?、$$ === http://c.biancheng.net/view/806.html
*. Shell $*和$@的区别 === http://c.biancheng.net/view/807.html
*. Shell $?：获取函数返回值或者上一个命令的退出状态 === http://c.biancheng.net/view/808.html
*. Linux Vim显示行号方法详解 === http://c.biancheng.net/view/809.html
*. Shell数组：Shell数组定义以及获取数组元素 === http://c.biancheng.net/view/810.html
*. Shell获取数组长度 === http://c.biancheng.net/view/812.html
*. Linux Vim批量注释和自定义注释快捷键 === http://c.biancheng.net/view/813.html
*. Linux软件包（源码包和二进制包） === http://c.biancheng.net/view/814.html
*. Linux rpm命令查询软件包（-q、-qa、-i、-p、-l、-f、-R） === http://c.biancheng.net/view/817.html
*. Shell数组拼接，Shell数组合并 === http://c.biancheng.net/view/818.html
*. Shell删除数组元素（也可以删除整个数组） === http://c.biancheng.net/view/819.html
*. Linux RPM包验证和数字证书（数字签名） === http://c.biancheng.net/view/820.html
*. Shell字符串详解 === http://c.biancheng.net/view/821.html
*. Linux提取RPM包文件(cpio命令)详解 === http://c.biancheng.net/view/822.html
*. Linux yum源搭建及配置（新手必看） === http://c.biancheng.net/view/824.html
*. Linux yum命令详解（查询、安装、升级和卸载软件包） === http://c.biancheng.net/view/825.html
*. Linux yum管理软件组方法详解 === http://c.biancheng.net/view/826.html
*. Java获取字符串长度（length()） === http://c.biancheng.net/view/827.html
*. Java字符串大小写转换（toLowerCase()和toUpperCase()） === http://c.biancheng.net/view/828.html
*. Java去除字符串中的空格（trim()） === http://c.biancheng.net/view/829.html
*. Java截取（提取）子字符串（substring()） === http://c.biancheng.net/view/830.html
*. Linux源码包快速升级方法详解 === http://c.biancheng.net/view/832.html
*. Java分割字符串（spilt()） === http://c.biancheng.net/view/833.html
*. Java截取新闻标题 === http://c.biancheng.net/view/834.html
*. Java字符串的替换（replace()、replaceFirst()和replaceAll()） === http://c.biancheng.net/view/836.html
*. Linux /etc/passwd内容解释（超详细） === http://c.biancheng.net/view/839.html
*. Linux /etc/shadow（影子文件）内容解析（超详细） === http://c.biancheng.net/view/840.html
*. Linux /etc/group文件解析（超详细） === http://c.biancheng.net/view/841.html
*. Linux /etc/gshadow文件内容解析 === http://c.biancheng.net/view/842.html
*. Linux useradd命令详解：添加新的系统用户 === http://c.biancheng.net/view/844.html
*. Java字符串替换实例 === http://c.biancheng.net/view/846.html
*. Linux passwd命令：修改用户密码 === http://c.biancheng.net/view/848.html
*. Linux usermod命令：修改用户信息 === http://c.biancheng.net/view/849.html
*. Linux chage用法详解：修改用户密码状态 === http://c.biancheng.net/view/850.html
*. Linux userdel命令详解：删除用户 === http://c.biancheng.net/view/851.html
*. Java StringBuffer类详解 === http://c.biancheng.net/view/852.html
*. Linux id命令：查看用户的UID和GID === http://c.biancheng.net/view/853.html
*. Java StringBuffer替换特殊字符 === http://c.biancheng.net/view/855.html
*. Linux groupadd命令：添加用户组 === http://c.biancheng.net/view/856.html
*. Linux groupmod命令详解：修改用户组 === http://c.biancheng.net/view/857.html
*. Linux groupdel命令：刪除用户组 === http://c.biancheng.net/view/858.html
*. Linux gpasswd命令用法详解：把用户添加进组或从组中删除 === http://c.biancheng.net/view/859.html
*. Linux newgrp命令用法详解：切换用户的有效组 === http://c.biancheng.net/view/860.html
*. Linux ACL访问控制权限完全攻略（超详细） === http://c.biancheng.net/view/863.html
*. Java正则表达式验证电话号码 === http://c.biancheng.net/view/864.html
*. Java正则表达式验证IP地址 === http://c.biancheng.net/view/865.html
*. Java Math类的常用方法 === http://c.biancheng.net/view/866.html
*. Java生成随机数（random()和Random类） === http://c.biancheng.net/view/867.html
*. Linux SetUID（SUID）文件特殊权限用法详解 === http://c.biancheng.net/view/868.html
*. Java数字格式化 === http://c.biancheng.net/view/869.html
*. Linux SetGID（SGID）文件特殊权限用法详解 === http://c.biancheng.net/view/870.html
*. Java大数字运算（BigInteger类和BigDecimal类） === http://c.biancheng.net/view/871.html
*. Linux Stick BIT（SBIT）文件特殊权限用法详解 === http://c.biancheng.net/view/872.html
*. Linux chattr命令详解：修改文件系统的权限属性 === http://c.biancheng.net/view/874.html
*. Linux lsattr命令：查看文件系统属性 === http://c.biancheng.net/view/875.html
*. Java时间日期的处理：Java Date类、Calendar类详解 === http://c.biancheng.net/view/876.html
*. Linux sudo命令用法详解：系统权限管理 === http://c.biancheng.net/view/877.html
*. Java日期格式化（DateFormat类和SimpleDateFormat类） === http://c.biancheng.net/view/878.html
*. 硬盘结构（机械硬盘和固态硬盘）详解 === http://c.biancheng.net/view/879.html
*. Linux文件系统详解 === http://c.biancheng.net/view/880.html
*. Java计算课程结束的日期 === http://c.biancheng.net/view/881.html
*. Java日期查询 === http://c.biancheng.net/view/882.html
*. Linux df用法详解：查看文件系统硬盘使用情况 === http://c.biancheng.net/view/883.html
*. Linux du命令：统计目录或文件所占磁盘空间大小 === http://c.biancheng.net/view/884.html
*. Linux mount命令详解：挂载Linux系统外的文件 === http://c.biancheng.net/view/885.html
*. Linux umount命令：卸载文件系统 === http://c.biancheng.net/view/886.html
*. Linux fsck命令：检测和修复文件系统 === http://c.biancheng.net/view/887.html
*. Linux dumpe2fs命令：查看文件系统信息 === http://c.biancheng.net/view/889.html
*. Java Integer类详解 === http://c.biancheng.net/view/890.html
*. Linux fdisk命令详解：给硬盘分区 === http://c.biancheng.net/view/891.html
*. Java Float类 === http://c.biancheng.net/view/892.html
*. Java Double类 === http://c.biancheng.net/view/894.html
*. Java Number类 === http://c.biancheng.net/view/895.html
*. linux mkfs命令详解:格式化分区（为分区写入文件系统） === http://c.biancheng.net/view/898.html
*. Java Character类 === http://c.biancheng.net/view/899.html
*. Java Boolean类 === http://c.biancheng.net/view/901.html
*. Java Byte类 === http://c.biancheng.net/view/902.html
*. Java System类详解 === http://c.biancheng.net/view/904.html
*. Linux parted命令用法详解：创建分区 === http://c.biancheng.net/view/905.html
*. Java数组简介：数组是什么？ === http://c.biancheng.net/view/906.html
*. Linux swap分区及作用详解 === http://c.biancheng.net/view/907.html
*. 磁盘配额是什么，磁盘配额概述 === http://c.biancheng.net/view/908.html
*. Linux quota和repquota命令查询磁盘配额方法详解 === http://c.biancheng.net/view/909.html
*. Linux LVM逻辑卷管理机制（硬盘分区管理机制） === http://c.biancheng.net/view/911.html
*. Linux setquota命令详解：非交互式设置磁盘配额 === http://c.biancheng.net/view/912.html
*. Linux PV物理卷（创建、查看和删除）详解 === http://c.biancheng.net/view/914.html
*. Java统计商品信息 === http://c.biancheng.net/view/915.html
*. Java二维数组详解：二维数组的声明和初始化，以及获取二维数组的值 === http://c.biancheng.net/view/916.html
*. Java多维数组 === http://c.biancheng.net/view/917.html
*. Linux VG卷组（创建、激活、查看、扩容、减小及删除）详解 === http://c.biancheng.net/view/918.html
*. Java比较两个数组是否相等（equals()） === http://c.biancheng.net/view/919.html
*. Linux LV逻辑卷（创建、查看、调整大小及删除）详解 === http://c.biancheng.net/view/920.html
*. Java数组填充（fill()） === http://c.biancheng.net/view/921.html
*. Java数组使用binarySearch()方法查找指定元素 === http://c.biancheng.net/view/923.html
*. Java复制（拷贝）数组的4种方法：arraycopy()方法、clone() 方法、copyOf()和copyOfRan === http://c.biancheng.net/view/924.html
*. Java sort()数组排序（升序和降序） === http://c.biancheng.net/view/925.html
*. Java冒泡排序法（非常重要） === http://c.biancheng.net/view/927.html
*. Java快速排序法（Quicksort） === http://c.biancheng.net/view/929.html
*. Java选择排序法 === http://c.biancheng.net/view/930.html
*. Java直接插入排序法 === http://c.biancheng.net/view/931.html
*. Shell脚本是什么 === http://c.biancheng.net/view/932.html
*. Java商品信息查询 === http://c.biancheng.net/view/933.html
*. Linux echo详解：输出命令 === http://c.biancheng.net/view/934.html
*. Shell history详解：查看历史命令 === http://c.biancheng.net/view/936.html
*. Java面向对象：对象的概念及面向对象的三个基本特征 === http://c.biancheng.net/view/939.html
*. Java认识类和对象 === http://c.biancheng.net/view/940.html
*. Linux Shell重定向（输入输出重定向）精讲 === http://c.biancheng.net/view/942.html
*. Java类的定义及定义类时可用的关键字 === http://c.biancheng.net/view/943.html
*. Java类的属性：成员变量的定义和声明 === http://c.biancheng.net/view/945.html
*. Java创建一个学生类 === http://c.biancheng.net/view/948.html
*. Shell（Bash）单引号、双引号和反引号用法详解 === http://c.biancheng.net/view/951.html
*. Java成员方法的声明和调用 === http://c.biancheng.net/view/952.html
*. Java this关键字详解（3种用法） === http://c.biancheng.net/view/953.html
*. Shell（Bash）变量及定义规范 === http://c.biancheng.net/view/955.html
*. Java创建对象详解（显式创建和隐含创建） === http://c.biancheng.net/view/956.html
*. Java访问对象的属性和行为 === http://c.biancheng.net/view/957.html
*. Java对象的销毁 === http://c.biancheng.net/view/959.html
*. Shell环境变量设置方法详解 === http://c.biancheng.net/view/960.html
*. Java用户修改密码 === http://c.biancheng.net/view/961.html
*. Linux LANG变量设置：定义系统的主语系环境 === http://c.biancheng.net/view/964.html
*. Java访问控制修饰符详解（public、 private、protected 和 friendly） === http://c.biancheng.net/view/965.html
*. Java final修饰符：final修饰属性、final修饰方法及final修饰类 === http://c.biancheng.net/view/970.html
*. Shell数值运算方法（3种） === http://c.biancheng.net/view/971.html
*. Java main()方法 === http://c.biancheng.net/view/972.html
*. Java方法的可变参数 === http://c.biancheng.net/view/974.html
*. Java构造方法 === http://c.biancheng.net/view/976.html
*. Java查询个人信息 === http://c.biancheng.net/view/979.html
*. Java析构方法 === http://c.biancheng.net/view/980.html
*. Java使用自定义包 === http://c.biancheng.net/view/985.html
*. Java类的封装 === http://c.biancheng.net/view/986.html
*. Java封装图书信息类 === http://c.biancheng.net/view/987.html
*. Shell printf格式化输出命令 === http://c.biancheng.net/view/991.html
*. Shell awk命令详解（格式+使用方法） === http://c.biancheng.net/view/992.html
*. shell sed命令详解：选取、替换、删除、新増数据 === http://c.biancheng.net/view/994.html
*. Java方法重载 === http://c.biancheng.net/view/998.html
