*. Go语言输出正弦函数（Sin）图像 === http://c.biancheng.net/view/15.html
*. Go语言计算字符串长度——len()和RuneCountInString() === http://c.biancheng.net/view/36.html
*. Go语言遍历字符串——获取每一个字符串元素 === http://c.biancheng.net/view/37.html
*. Go语言字符串截取（获取字符串的某一段字符） === http://c.biancheng.net/view/38.html
*. Go语言字符串拼接（连接） === http://c.biancheng.net/view/40.html
*. Go语言fmt.Sprintf（格式化输出） === http://c.biancheng.net/view/41.html
*. C语言的优点和缺点 === http://c.biancheng.net/view/132.html
*. 学习C语言的心得 === http://c.biancheng.net/view/135.html
*. 英语和数学不好能学好C语言吗 === http://c.biancheng.net/view/137.html
*. 字节（Byte）是什么？如何换算？ === http://c.biancheng.net/view/140.html
*. 进制是什么？ === http://c.biancheng.net/view/141.html
*. C89（C90）、C99、C11——C语言的三套标准 === http://c.biancheng.net/view/143.html
*. C++构造函数（从本质上理解） === http://c.biancheng.net/view/149.html
*. C++对象数组中使用构造函数 === http://c.biancheng.net/view/150.html
*. C++拷贝构造函数（复制构造函数）详解 === http://c.biancheng.net/view/151.html
*. C++析构函数详解 === http://c.biancheng.net/view/152.html
*. C语言变量定义和赋值 === http://c.biancheng.net/view/153.html
*. C语言变量命名规则 === http://c.biancheng.net/view/155.html
*. C语言变量初始化是必须的吗？不初始化会怎样？ === http://c.biancheng.net/view/156.html
*. C语言自动类型转换 === http://c.biancheng.net/view/157.html
*. C语言代码规范（编程规范） === http://c.biancheng.net/view/158.html
*. printf用法大全，C语言printf格式控制符一览表 === http://c.biancheng.net/view/159.html
*. C语言scanf函数用法完全攻略 === http://c.biancheng.net/view/160.html
*. C语言运算符优先级和结合性一览表 === http://c.biancheng.net/view/161.html
*. if else用法详解，C语言if else用法完全攻略 === http://c.biancheng.net/view/163.html
*. C++静态成员变量和静态成员函数详解 === http://c.biancheng.net/view/165.html
*. C++常对象和常成员函数详解 === http://c.biancheng.net/view/166.html
*. C++成员对象和封闭类详解 === http://c.biancheng.net/view/167.html
*. C++友元函数和友元类（C++ friend）详解 === http://c.biancheng.net/view/169.html
*. C++ this指针（直戳本质） === http://c.biancheng.net/view/170.html
*. switch case语句，switch case用法详解 === http://c.biancheng.net/view/171.html
*. for的用法详解，C语言for循环完全攻略 === http://c.biancheng.net/view/172.html
*. C语言注释详解（两种注释方式） === http://c.biancheng.net/view/174.html
*. C语言数据类型分类 === http://c.biancheng.net/view/176.html
*. C语言整数类型（含取值范围和长度） === http://c.biancheng.net/view/177.html
*. for循环嵌套，C语言for循环嵌套详解 === http://c.biancheng.net/view/178.html
*. void_C语言void关键字详解 === http://c.biancheng.net/view/179.html
*. while循环，C语言while循环详解 === http://c.biancheng.net/view/180.html
*. do while循环，C语言do while循环详解 === http://c.biancheng.net/view/181.html
*. break和continue，C语言break和continue的用法和区别 === http://c.biancheng.net/view/182.html
*. 清空输入缓冲器，C语言清空输入缓冲区完全攻略 === http://c.biancheng.net/view/183.html
*. 数组的定义，初始化和使用，C语言数组详解 === http://c.biancheng.net/view/184.html
*. 数组之间的赋值，C语言数组之间赋值详解 === http://c.biancheng.net/view/185.html
*. 数组的长度，C语言获取数组长度详解 === http://c.biancheng.net/view/186.html
*. #define用法，C语言#define详解 === http://c.biancheng.net/view/187.html
*. 数组倒序排列，数组倒置，C语言数组倒序算法详解 === http://c.biancheng.net/view/188.html
*. 顺序查找算法和折半（二分法）查找算法，C语言查找算法详解 === http://c.biancheng.net/view/189.html
*. C++语言的历史 === http://c.biancheng.net/view/190.html
*. 数组元素的添加或删除，C语言数组添加和删除元素详解 === http://c.biancheng.net/view/191.html
*. 冒泡排序算法，C语言冒泡排序算法详解 === http://c.biancheng.net/view/192.html
*. C++输入输出 === http://c.biancheng.net/view/193.html
*. C++默认参数（函数参数的默认值） === http://c.biancheng.net/view/194.html
*. C++引用类型详解 === http://c.biancheng.net/view/195.html
*. 选择排序算法，C语言选择排序算法详解 === http://c.biancheng.net/view/197.html
*. 快速排序算法，C语言快速排序算法详解 === http://c.biancheng.net/view/198.html
*. C++内联函数（C++ inline）详解 === http://c.biancheng.net/view/199.html
*. 二维数组的定义、初始化和输出，C语言二维数组详解 === http://c.biancheng.net/view/200.html
*. C++函数重载详解 === http://c.biancheng.net/view/201.html
*. 函数是什么，C语言函数概述 === http://c.biancheng.net/view/202.html
*. 有参函数，C语言有参函数详解 === http://c.biancheng.net/view/203.html
*. 函数的返回值，C语言函数返回值详解 === http://c.biancheng.net/view/204.html
*. 函数的递归调用，C语言函数递归调用完全攻略 === http://c.biancheng.net/view/205.html
*. C++ new和delete（C++动态分配和释放内存） === http://c.biancheng.net/view/206.html
*. 数组名作为函数参数传递，C语言数组作为函数参数传递详解 === http://c.biancheng.net/view/207.html
*. C++ string（C++字符串）详解 === http://c.biancheng.net/view/208.html
*. 什么是指针，C语言指针概述 === http://c.biancheng.net/view/211.html
*. 指针变量及其定义，C语言指针变量定义详解 === http://c.biancheng.net/view/212.html
*. 指针变量的初始化，C语言指针变量初始化详解 === http://c.biancheng.net/view/214.html
*. C++类的定义和使用 === http://c.biancheng.net/view/215.html
*. 指针作为函数参数，C语言指针作为函数参数详解 === http://c.biancheng.net/view/216.html
*. const关键字及其作用（用法），C语言const详解 === http://c.biancheng.net/view/217.html
*. const修饰指针的三种效果，C语言const修饰指针详解 === http://c.biancheng.net/view/218.html
*. C++类成员的访问范围（C++ private、public、protected） === http://c.biancheng.net/view/219.html
*. 指针与数组的关系，C语言指针和数组的关系详解 === http://c.biancheng.net/view/220.html
*. 动态内存分配，C语言动态内存分配详解 === http://c.biancheng.net/view/223.html
*. 多级指针（二级指针），C语言多级指针的用法详解 === http://c.biancheng.net/view/225.html
*. 二维数组指针表示，C语言指针引用二维数组详解 === http://c.biancheng.net/view/227.html
*. 函数指针及其定义和用法，C语言函数指针详解 === http://c.biancheng.net/view/228.html
*. 字符串常量，C语言字符串常量详解 === http://c.biancheng.net/view/229.html
*. 字符数组及其定义和初始化，C语言字符数组详解 === http://c.biancheng.net/view/230.html
*. memset函数及其用法，C语言memset函数详解 === http://c.biancheng.net/view/231.html
*. scanf函数输入字符串，C语言scanf函数输入字符串详解 === http://c.biancheng.net/view/232.html
*. gets函数，C语言gets函数详解 === http://c.biancheng.net/view/233.html
*. fgets函数及其用法，C语言fgets函数详解 === http://c.biancheng.net/view/235.html
*. puts函数，C语言puts函数用法详解 === http://c.biancheng.net/view/237.html
*. fputs函数，C语言fputs函数及其用法详解 === http://c.biancheng.net/view/238.html
*. C++实现可变长度的动态数组 === http://c.biancheng.net/view/240.html
*. 结构体的声明，定义及其初始化，C语言结构体完全攻略 === http://c.biancheng.net/view/241.html
*. C++重载&lt;&lt;和&gt;&gt;（C++重载输出运算符和输入运算符） === http://c.biancheng.net/view/242.html
*. 结构体字节对齐，C语言结构体字节对齐详解 === http://c.biancheng.net/view/243.html
*. 结构体数组及其定义和使用，C语言结构体数组详解 === http://c.biancheng.net/view/245.html
*. 结构体指针，C语言结构体指针详解 === http://c.biancheng.net/view/246.html
*. C++重载++和--（自增和自减运算符） === http://c.biancheng.net/view/247.html
*. C++继承和派生是什么意思（通俗易懂） === http://c.biancheng.net/view/250.html
*. C++ protected（受保护的）详解 === http://c.biancheng.net/view/252.html
*. C语言历史，C语言与UNIX系统的关系 === http://c.biancheng.net/view/253.html
*. 算术运算符及算术表达式，C语言算术运算符及算术表达式详解 === http://c.biancheng.net/view/254.html
*. C++派生类的构造函数和析构函数 === http://c.biancheng.net/view/255.html
*. 逻辑运算符及其优先级，C语言逻辑运算符及其优先级详解 === http://c.biancheng.net/view/256.html
*. 关系运算符及其优先级，C语言关系运算符及其优先级详解 === http://c.biancheng.net/view/257.html
*. 赋值运算符及赋值表达式，C语言赋值运算符及其赋值表达式详解 === http://c.biancheng.net/view/258.html
*. C语言自动类型转换和强制类型转换详解 === http://c.biancheng.net/view/261.html
*. C++多态到底是什么（通俗易懂） === http://c.biancheng.net/view/264.html
*. C++多态的好处和作用（用实例说话） === http://c.biancheng.net/view/265.html
*. goto，break和continue语句，C语言goto，break和continue跳转语句详解 === http://c.biancheng.net/view/266.html
*. C++虚函数表（多态的实现原理） === http://c.biancheng.net/view/267.html
*. C++虚析构函数详解 === http://c.biancheng.net/view/269.html
*. 一维字符数组的定义、初始化及引用，C语言一维字符数组详解 === http://c.biancheng.net/view/271.html
*. 什么是流？C++流类和流对象 === http://c.biancheng.net/view/272.html
*. 二维字符数组的定义，初始化及引用，C语言二位字符数组详解 === http://c.biancheng.net/view/273.html
*. C++ cout格式化输出（输出格式）完全攻略 === http://c.biancheng.net/view/275.html
*. C++ cin判断输入结束（读取结束） === http://c.biancheng.net/view/277.html
*. cin.ignore()：C++跳过（忽略）指定字符 === http://c.biancheng.net/view/280.html
*. C语言左值与右值详解 === http://c.biancheng.net/view/281.html
*. C++文件类（文件流类）有哪些？ === http://c.biancheng.net/view/284.html
*. C语言运算符优先级 === http://c.biancheng.net/view/285.html
*. 宏定义（无参宏定义和带参宏定义），C语言宏定义详解 === http://c.biancheng.net/view/287.html
*. C语言位运算符 === http://c.biancheng.net/view/288.html
*. 条件编译，C语言条件编译详解 === http://c.biancheng.net/view/289.html
*. 原码、反码、补码及位操作符，C语言位操作详解 === http://c.biancheng.net/view/290.html
*. C语言*运算符和&amp;运算符 === http://c.biancheng.net/view/291.html
*. C语言下标运算符（[]） === http://c.biancheng.net/view/292.html
*. C语言点运算符和箭头运算符 === http://c.biancheng.net/view/293.html
*. C语言条件运算符（?:） === http://c.biancheng.net/view/296.html
*. C语言逗号运算符(，) === http://c.biancheng.net/view/297.html
*. typedef的用法，C语言typedef详解 === http://c.biancheng.net/view/298.html
*. C++文本文件的读取和写入 === http://c.biancheng.net/view/299.html
*. typedef和define区别，C语言typedef和define的区别详解 === http://c.biancheng.net/view/300.html
*. static变量及其作用，C语言static变量详解 === http://c.biancheng.net/view/301.html
*. C++二进制文件的读取和写入（精华版） === http://c.biancheng.net/view/302.html
*. C语言复合语句（语句块） === http://c.biancheng.net/view/303.html
*. =与==的区别，C语言=与==的区别详解 === http://c.biancheng.net/view/304.html
*. C语言循环结构（while循环，for循环，do…while循环） === http://c.biancheng.net/view/305.html
*. |和||的区别，C语言|和||的区别详解 === http://c.biancheng.net/view/306.html
*. for循环及其注意事项，C语言使用for循环的注意事项总结 === http://c.biancheng.net/view/308.html
*. switch语句用法注意事项，如何正确使用switch语句 === http://c.biancheng.net/view/310.html
*. 文件的文本打开方式和二进制打开方式的区别 === http://c.biancheng.net/view/311.html
*. C语言if语句 === http://c.biancheng.net/view/313.html
*. IEEE 754浮点数标准详解 === http://c.biancheng.net/view/314.html
*. C++函数模板（模板函数）详解 === http://c.biancheng.net/view/315.html
*. C语言switch case 语句 === http://c.biancheng.net/view/316.html
*. C语言跳转语句（break语句，continue语句，goto语句，return语句） === http://c.biancheng.net/view/318.html
*. C++类模板（模板类）详解 === http://c.biancheng.net/view/320.html
*. 什么是函数？以及函数的定义 === http://c.biancheng.net/view/321.html
*. C++模板类（类模板）与继承 === http://c.biancheng.net/view/324.html
*. C语言将数组作为函数参数 === http://c.biancheng.net/view/326.html
*. C语言main()函数 === http://c.biancheng.net/view/328.html
*. C语言const int *a和int*const a 的区别详解 === http://c.biancheng.net/view/329.html
*. C++容器（STL容器） === http://c.biancheng.net/view/331.html
*. C语言函数声明 === http://c.biancheng.net/view/332.html
*. 数组的存储，C语言数组的存储实质详解 === http://c.biancheng.net/view/333.html
*. 数组指针和指针数组的区别，C语言数组指针和指针数组区别详解 === http://c.biancheng.net/view/335.html
*. C语言指针作为参数和返回值 === http://c.biancheng.net/view/336.html
*. 字符数组和字符串的区别，C语言字符数组和字符串区别详解 === http://c.biancheng.net/view/337.html
*. C++迭代器（STL迭代器）iterator详解 === http://c.biancheng.net/view/338.html
*. C语言内联函数 === http://c.biancheng.net/view/339.html
*. 字符串查找函数，C语言字符串查找函数详解 === http://c.biancheng.net/view/340.html
*. C语言递归函数 === http://c.biancheng.net/view/341.html
*. strlen函数与sizeof的区别，C语言strlen与sizeof的区别详解 === http://c.biancheng.net/view/342.html
*. STL算法详解 === http://c.biancheng.net/view/343.html
*. C语言可变参数函数 === http://c.biancheng.net/view/344.html
*. EOF宏，C语言EOF宏详解 === http://c.biancheng.net/view/345.html
*. STL中“大”、“小”和“相等”的概念 === http://c.biancheng.net/view/346.html
*. 宏和函数的区别，C语言宏和函数区别详解 === http://c.biancheng.net/view/347.html
*. C++ vector，STL vector（可变长的动态数组）详解 === http://c.biancheng.net/view/348.html
*. C语言一维数组的定义 === http://c.biancheng.net/view/349.html
*. C++ list，STL list（双向链表）详解 === http://c.biancheng.net/view/351.html
*. 初始化数组，C语言中数组的初始化 === http://c.biancheng.net/view/352.html
*. C++函数对象详解（附带实例） === http://c.biancheng.net/view/354.html
*. C语言字符串数组 === http://c.biancheng.net/view/355.html
*. C语言多维数组，以及多维数组中的二维数组 === http://c.biancheng.net/view/356.html
*. C语言指针的声明 === http://c.biancheng.net/view/359.html
*. C语言指针的初始化以及什么是空指针和void指针 === http://c.biancheng.net/view/360.html
*. 位操作及其使用注意事项，C语言位操作及其使用方法详解 === http://c.biancheng.net/view/362.html
*. C语言指针的运算 === http://c.biancheng.net/view/363.html
*. C语言空（null）指针和NULL指针的区别详解 === http://c.biancheng.net/view/364.html
*. void指针及其应用，C语言void指针及使用注意事项详解 === http://c.biancheng.net/view/365.html
*. 数组越界及其避免方法，C语言数组越界详解 === http://c.biancheng.net/view/366.html
*. C语言指针常量和指向常量的指针 === http://c.biancheng.net/view/367.html
*. C语言数组指针和指针数组 === http://c.biancheng.net/view/368.html
*. C语言指向函数的指针 === http://c.biancheng.net/view/370.html
*. 值传递和地址传递，C语言函数传参方式详解 === http://c.biancheng.net/view/371.html
*. C语言结构类型的定义 === http://c.biancheng.net/view/372.html
*. printf函数和scanf函数，C语言printf函数和scanf函数详解 === http://c.biancheng.net/view/373.html
*. C语言联合（union）的定义和初始化 === http://c.biancheng.net/view/375.html
*. gets和fgets函数及其区别，C语言gets和fgets函数详解 === http://c.biancheng.net/view/379.html
*. C语言动态内存管理和动态内存分配 === http://c.biancheng.net/view/380.html
*. feof和ferror函数，C语言feof和ferror函数详解 === http://c.biancheng.net/view/382.html
*. malloc和free函数使用注意事项，C语言malloc和free使用详解 === http://c.biancheng.net/view/383.html
*. 内存泄漏的场景分析和避免方法总结，C语言内存泄漏详解 === http://c.biancheng.net/view/385.html
*. C++ multiset，STL multiset详解 === http://c.biancheng.net/view/386.html
*. C++ set，STL set详解 === http://c.biancheng.net/view/387.html
*. C++ map，STL map详解 === http://c.biancheng.net/view/391.html
*. C++ stack，STL stack详解 === http://c.biancheng.net/view/393.html
*. fseek、ftell和rewind函数，C语言fseek、ftell和rewind函数详解 === http://c.biancheng.net/view/395.html
*. fread和fwrite函数，C语言fread和fwrite函数详解 === http://c.biancheng.net/view/399.html
*. C++ string类（C++字符串）完全攻略 === http://c.biancheng.net/view/400.html
*. strchr和strrchr函数及用法，C语言strchr和strrchr函数详解 === http://c.biancheng.net/view/401.html
*. extern关键字，C语言extern关键字用法详解 === http://c.biancheng.net/view/404.html
*. C++ bitset类详解 === http://c.biancheng.net/view/406.html
*. C语言文件的打开和关闭，C语言文件操作 === http://c.biancheng.net/view/407.html
*. C语言格式化输出 === http://c.biancheng.net/view/408.html
*. C++强制类型转换运算符（static_cast、reinterpret_cast、const_cast和dynamic_cast） === http://c.biancheng.net/view/410.html
*. C++ array(STL array)的用法及初始化 === http://c.biancheng.net/view/411.html
*. C++ array获取（访问）元素 === http://c.biancheng.net/view/412.html
*. C++ array迭代器及用法 === http://c.biancheng.net/view/413.html
*. C语言格式化输入 === http://c.biancheng.net/view/415.html
*. C++ vector的使用、创建及初始化 === http://c.biancheng.net/view/416.html
*. C++ vector容量和大小 === http://c.biancheng.net/view/417.html
*. C++ vector获取（访问）元素 === http://c.biancheng.net/view/418.html
*. C++ vector迭代器及用法 === http://c.biancheng.net/view/420.html
*. C++异常处理（try catch throw）完全攻略 === http://c.biancheng.net/view/422.html
*. C语言线程和进程 === http://c.biancheng.net/view/423.html
*. C++ vector添加（增加）元素 === http://c.biancheng.net/view/424.html
*. C语言创建线程thread_create（） === http://c.biancheng.net/view/425.html
*. C语言线程函数 === http://c.biancheng.net/view/426.html
*. C++ vector插入元素(数据)详解 === http://c.biancheng.net/view/427.html
*. C语言线程互斥和原子操作 === http://c.biancheng.net/view/428.html
*. C++ vector删除元素（数据）详解 === http://c.biancheng.net/view/429.html
*. C++11 shared_ptr（智能指针）详解 === http://c.biancheng.net/view/430.html
*. C++ deque使用、创建及初始化详解 === http://c.biancheng.net/view/432.html
*. C++11 Lambda表达式（匿名函数）详解 === http://c.biancheng.net/view/433.html
*. C语言线程间通信 === http://c.biancheng.net/view/434.html
*. C++ deque修改（替换、更改）元素详解 === http://c.biancheng.net/view/437.html
*. C++11 auto和decltype关键字 === http://c.biancheng.net/view/438.html
*. C++11右值引用详解 === http://c.biancheng.net/view/439.html
*. C++ list(STL list)使用、创建和初始化 === http://c.biancheng.net/view/440.html
*. C++ list（STL list）增加和插入元素详解（insert成员函数插入元素） === http://c.biancheng.net/view/442.html
*. C语言#include的用法 === http://c.biancheng.net/view/443.html
*. C++ list(STL list)删除元素方法详解 === http://c.biancheng.net/view/444.html
*. C++ list(STL list)排序及合并元素方法详解 === http://c.biancheng.net/view/445.html
*. C语言宏的定义和宏的使用方法（#define） === http://c.biancheng.net/view/446.html
*. C++ list（STL list）访问（获取）元素方法详解 === http://c.biancheng.net/view/447.html
*. C++ forward_list用法详解 === http://c.biancheng.net/view/448.html
*. C语言条件编译（#if，#ifdef，#ifndef，#endif，#else，#elif） === http://c.biancheng.net/view/449.html
*. C++自定义迭代器（STL自定义迭代器)的实现详解 === http://c.biancheng.net/view/471.html
*. C++ stack(STL stack)用法详解 === http://c.biancheng.net/view/478.html
*. C++ queue(STL queue)用法详解 === http://c.biancheng.net/view/479.html
*. C++ priority_queue(STL priority_queue)用法详解 === http://c.biancheng.net/view/480.html
*. C++ map的创建（STL map的创建）详解 === http://c.biancheng.net/view/491.html
*. C语言九九乘法表（五种输出形式） === http://c.biancheng.net/view/494.html
*. C语言杨辉三角（两种方法） === http://c.biancheng.net/view/495.html
*. C++ map插入数据（STL map插入数据）详解 === http://c.biancheng.net/view/496.html
*. C语言求圆周率π（三种方法） === http://c.biancheng.net/view/497.html
*. C语言判断素数（求素数）（两种方法） === http://c.biancheng.net/view/498.html
*. C语言输出菱形（详解版） === http://c.biancheng.net/view/499.html
*. C语言百钱买百鸡问题（详解版） === http://c.biancheng.net/view/500.html
*. C语言求完数（完全数）（详解版） === http://c.biancheng.net/view/501.html
*. C语言水仙花数（详解版） === http://c.biancheng.net/view/504.html
*. C语言求回文数（详解版） === http://c.biancheng.net/view/505.html
*. C语言求最大公约数（详解版） === http://c.biancheng.net/view/507.html
*. C++ map（STL map）构造元素（emplace和emplace_hint函数）详解 === http://c.biancheng.net/view/508.html
*. C语言求最小公倍数（详解版） === http://c.biancheng.net/view/509.html
*. C语言三个数从小到大排序/输出 === http://c.biancheng.net/view/510.html
*. C语言猴子吃桃问题 === http://c.biancheng.net/view/511.html
*. C++ map（STL map）删除元素（erase函数删除元素）详解 === http://c.biancheng.net/view/513.html
*. C语言百钱买百鸡（百钱百鸡，百鸡问题） === http://c.biancheng.net/view/515.html
*. C语言渔夫打鱼晒网问题 === http://c.biancheng.net/view/516.html
*. C++ multimap(STL multimap)的使用详解 === http://c.biancheng.net/view/518.html
*. vi工作模式（3种）以及模式切换（转换） === http://c.biancheng.net/view/519.html
*. 进入vi编辑器（vi打开文件） === http://c.biancheng.net/view/521.html
*. C语言希尔排序算法 === http://c.biancheng.net/view/522.html
*. C++ hash(STL hash)及其函数模板用法详解 === http://c.biancheng.net/view/523.html
*. C语言冒泡排序算法 === http://c.biancheng.net/view/524.html
*. C语言直接插入排序算法 === http://c.biancheng.net/view/525.html
*. C++ unordered_map初始化详解 === http://c.biancheng.net/view/527.html
*. C语言快速排序算法 === http://c.biancheng.net/view/528.html
*. C语言选择排序算法 === http://c.biancheng.net/view/531.html
*. C语言二分查找算法，折半查找算法 === http://c.biancheng.net/view/536.html
*. C++ set初始化（STL set初始化）详解 === http://c.biancheng.net/view/537.html
*. C++ set添加、删除和访问(STL set添加、删除和访问)元素详解 === http://c.biancheng.net/view/538.html
*. C++ set用法（STL set用法）详解 === http://c.biancheng.net/view/539.html
*. C语言分块查找算法，索引顺序查找算法 === http://c.biancheng.net/view/540.html
*. C++ multiset用法详解（附带完整示例） === http://c.biancheng.net/view/545.html
*. C++ unordered_set定义及初始化详解 === http://c.biancheng.net/view/546.html
*. vi修改文件内容（文本修改命令） === http://c.biancheng.net/view/547.html
*. C++ unordered_set查找元素（find查找元素）详解 === http://c.biancheng.net/view/549.html
*. vi文本删除命令（删除文件内容） === http://c.biancheng.net/view/550.html
*. C语言求n的阶乘（n!） === http://c.biancheng.net/view/551.html
*. C语言判断三角形的类型 === http://c.biancheng.net/view/554.html
*. vi文本复制命令（复制文件内容） === http://c.biancheng.net/view/555.html
*. vi撤销命令（u和U），撤销上一次的操作 === http://c.biancheng.net/view/558.html
*. C语言水仙花数，阿姆斯特朗数 === http://c.biancheng.net/view/559.html
*. C++ sort（STL sort）排序算法详解 === http://c.biancheng.net/view/561.html
*. C语言最大公约数和最小公倍数 === http://c.biancheng.net/view/562.html
*. C语言求自然底数e，求自然对数的底e === http://c.biancheng.net/view/565.html
*. C语言小写转大写，小写字母转换成大写字母 === http://c.biancheng.net/view/569.html
*. C++ find（STL find）查找算法详解 === http://c.biancheng.net/view/570.html
*. C++ find_if（STL find_if）查找算法详解 === http://c.biancheng.net/view/571.html
*. C语言求回文素数 === http://c.biancheng.net/view/574.html
*. C语言判断闰年，即判断年份是否为闰年 === http://c.biancheng.net/view/575.html
*. C语言矩阵转置 === http://c.biancheng.net/view/579.html
*. C语言兔子生兔子问题 === http://c.biancheng.net/view/583.html
*. C语言统计单词个数，单词个数算法 === http://c.biancheng.net/view/596.html
*. C语言字符串加密和解密算法 === http://c.biancheng.net/view/599.html
*. C语言输出等腰三角形 === http://c.biancheng.net/view/603.html
*. C语言汉诺塔问题，用C语言实现汉诺塔 === http://c.biancheng.net/view/604.html
*. C语言整数逆序输出 === http://c.biancheng.net/view/610.html
*. vi退出命令 === http://c.biancheng.net/view/615.html
*. vi字符串检索（查找）命令 === http://c.biancheng.net/view/636.html
*. GCC编译C语言程序完整演示 === http://c.biancheng.net/view/660.html
*. GCC分步骤编译C语言程序 === http://c.biancheng.net/view/661.html
*. GCC编译流程 === http://c.biancheng.net/view/663.html
*. GCC常用选项 === http://c.biancheng.net/view/664.html
*. GCC -c选项：只编译不链接，仅生成目标文件 === http://c.biancheng.net/view/666.html
*. C++ accumulate函数用法详解 === http://c.biancheng.net/view/682.html
*. C++ complex复数类用法详解 === http://c.biancheng.net/view/703.html
*. U盘安装Linux系统 === http://c.biancheng.net/view/715.html
*. dd命令安装Linux === http://c.biancheng.net/view/716.html
*. Shell提示符：#和$ === http://c.biancheng.net/view/734.html
*. Linux ln命令：在文件之间建立链接（硬链接和软链接）详解版 === http://c.biancheng.net/view/740.html
*. Java输出九九乘法表 === http://c.biancheng.net/view/748.html
*. Linux文件权限（所有者，所属组）及含义详解 === http://c.biancheng.net/view/752.html
*. Linux读写执行权限（-r、-w、-x）的真正含义 === http://c.biancheng.net/view/757.html
*. Shell变量的作用域：Shell全局变量、环境变量和局部变量 === http://c.biancheng.net/view/773.html
*. Linux find命令：在目录中查找文件（超详解） === http://c.biancheng.net/view/779.html
*. Linux tar压缩命令：打包与解打包命令 === http://c.biancheng.net/view/788.html
*. Linux关机和重启命令（超详解） === http://c.biancheng.net/view/793.html
*. linux netstat命令：网络状态查看命令 === http://c.biancheng.net/view/800.html
*. Shell $*和$@的区别 === http://c.biancheng.net/view/807.html
*. Linux Vim显示行号方法详解 === http://c.biancheng.net/view/809.html
*. Linux yum源搭建及配置（新手必看） === http://c.biancheng.net/view/824.html
*. Java分割字符串（spilt()） === http://c.biancheng.net/view/833.html
*. Java StringBuffer替换特殊字符 === http://c.biancheng.net/view/855.html
*. Linux ACL访问控制权限完全攻略（超详细） === http://c.biancheng.net/view/863.html
*. Java正则表达式验证IP地址 === http://c.biancheng.net/view/865.html
*. Linux文件系统详解 === http://c.biancheng.net/view/880.html
*. Linux swap分区及作用详解 === http://c.biancheng.net/view/907.html
*. Java二维数组详解：二维数组的声明和初始化，以及获取二维数组的值 === http://c.biancheng.net/view/916.html
*. Shell脚本是什么 === http://c.biancheng.net/view/932.html
*. Linux echo详解：输出命令 === http://c.biancheng.net/view/934.html
*. Shell history详解：查看历史命令 === http://c.biancheng.net/view/936.html
*. Shell（Bash）单引号、双引号和反引号用法详解 === http://c.biancheng.net/view/951.html
*. Shell（Bash）变量及定义规范 === http://c.biancheng.net/view/955.html
*. Shell环境变量设置方法详解 === http://c.biancheng.net/view/960.html
*. Linux LANG变量设置：定义系统的主语系环境 === http://c.biancheng.net/view/964.html
*. Java final修饰符：final修饰属性、final修饰方法及final修饰类 === http://c.biancheng.net/view/970.html
*. Shell数值运算方法（3种） === http://c.biancheng.net/view/971.html
*. Shell printf格式化输出命令 === http://c.biancheng.net/view/991.html
*. Shell awk命令详解（格式+使用方法） === http://c.biancheng.net/view/992.html
*. shell sed命令详解：选取、替换、删除、新増数据 === http://c.biancheng.net/view/994.html
